# JRE version: Java(TM) SE Runtime Environment (8.0_181-b13) (build 1.8.0_181-b13)
# Java VM: Java HotSpot(TM) 64-Bit Server VM (25.181-b13 mixed mode linux-amd64 compressed oops)
Heap:
 PSYoungGen      total 293376K, used 38393K [0x00000000d7180000, 0x00000000eb580000, 0x0000000100000000)
  eden space 254976K, 0% used [0x00000000d7180000,0x00000000d7180000,0x00000000e6a80000)
  from space 38400K, 99% used [0x00000000e6a80000,0x00000000e8ffe588,0x00000000e9000000)
  to   space 36864K, 0% used [0x00000000e9180000,0x00000000e9180000,0x00000000eb580000)
 ParOldGen       total 203264K, used 108276K [0x0000000085400000, 0x0000000091a80000, 0x00000000d7180000)
  object space 203264K, 53% used [0x0000000085400000,0x000000008bdbd088,0x0000000091a80000)
 Metaspace       used 46453K, capacity 48582K, committed 48768K, reserved 1091584K
  class space    used 6290K, capacity 6702K, committed 6784K, reserved 1048576K
GC Heap History (10 events):
Event: 18,003 GC heap after
Heap after GC invocations=13 (full 2):
 PSYoungGen      total 212992K, used 13753K [0x00000000d7180000, 0x00000000e7f00000, 0x0000000100000000)
  eden space 184320K, 0% used [0x00000000d7180000,0x00000000d7180000,0x00000000e2580000)
  from space 28672K, 47% used [0x00000000e2580000,0x00000000e32ee520,0x00000000e4180000)
  to   space 27648K, 0% used [0x00000000e6400000,0x00000000e6400000,0x00000000e7f00000)
 ParOldGen       total 92160K, used 64988K [0x0000000085400000, 0x000000008ae00000, 0x00000000d7180000)
  object space 92160K, 70% used [0x0000000085400000,0x0000000089377380,0x000000008ae00000)
 Metaspace       used 40812K, capacity 42412K, committed 42880K, reserved 1085440K
  class space    used 5559K, capacity 5909K, committed 6016K, reserved 1048576K
}
Event: 21,131 GC heap before
{Heap before GC invocations=14 (full 2):
 PSYoungGen      total 212992K, used 198073K [0x00000000d7180000, 0x00000000e7f00000, 0x0000000100000000)
  eden space 184320K, 100% used [0x00000000d7180000,0x00000000e2580000,0x00000000e2580000)
  from space 28672K, 47% used [0x00000000e2580000,0x00000000e32ee520,0x00000000e4180000)
  to   space 27648K, 0% used [0x00000000e6400000,0x00000000e6400000,0x00000000e7f00000)
 ParOldGen       total 92160K, used 64988K [0x0000000085400000, 0x000000008ae00000, 0x00000000d7180000)
  object space 92160K, 70% used [0x0000000085400000,0x0000000089377380,0x000000008ae00000)
 Metaspace       used 40812K, capacity 42412K, committed 42880K, reserved 1085440K
  class space    used 5559K, capacity 5909K, committed 6016K, reserved 1048576K
Event: 21,158 GC heap after
Heap after GC invocations=14 (full 2):
 PSYoungGen      total 244736K, used 27424K [0x00000000d7180000, 0x00000000e8380000, 0x0000000100000000)
  eden space 217088K, 0% used [0x00000000d7180000,0x00000000d7180000,0x00000000e4580000)
  from space 27648K, 99% used [0x00000000e6400000,0x00000000e7ec8368,0x00000000e7f00000)
  to   space 31232K, 0% used [0x00000000e4580000,0x00000000e4580000,0x00000000e6400000)
 ParOldGen       total 92160K, used 64996K [0x0000000085400000, 0x000000008ae00000, 0x00000000d7180000)
  object space 92160K, 70% used [0x0000000085400000,0x0000000089379380,0x000000008ae00000)
 Metaspace       used 40812K, capacity 42412K, committed 42880K, reserved 1085440K
  class space    used 5559K, capacity 5909K, committed 6016K, reserved 1048576K
}
Event: 24,871 GC heap before
{Heap before GC invocations=15 (full 2):
 PSYoungGen      total 244736K, used 244512K [0x00000000d7180000, 0x00000000e8380000, 0x0000000100000000)
  eden space 217088K, 100% used [0x00000000d7180000,0x00000000e4580000,0x00000000e4580000)
  from space 27648K, 99% used [0x00000000e6400000,0x00000000e7ec8368,0x00000000e7f00000)
  to   space 31232K, 0% used [0x00000000e4580000,0x00000000e4580000,0x00000000e6400000)
 ParOldGen       total 92160K, used 64996K [0x0000000085400000, 0x000000008ae00000, 0x00000000d7180000)
  object space 92160K, 70% used [0x0000000085400000,0x0000000089379380,0x000000008ae00000)
 Metaspace       used 40812K, capacity 42412K, committed 42880K, reserved 1085440K
  class space    used 5559K, capacity 5909K, committed 6016K, reserved 1048576K
Event: 24,903 GC heap after
Heap after GC invocations=15 (full 2):
 PSYoungGen      total 248320K, used 31200K [0x00000000d7180000, 0x00000000eb900000, 0x0000000100000000)
  eden space 217088K, 0% used [0x00000000d7180000,0x00000000d7180000,0x00000000e4580000)
  from space 31232K, 99% used [0x00000000e4580000,0x00000000e63f8368,0x00000000e6400000)
  to   space 40448K, 0% used [0x00000000e9180000,0x00000000e9180000,0x00000000eb900000)
 ParOldGen       total 92160K, used 77020K [0x0000000085400000, 0x000000008ae00000, 0x00000000d7180000)
  object space 92160K, 83% used [0x0000000085400000,0x0000000089f37380,0x000000008ae00000)
 Metaspace       used 40812K, capacity 42412K, committed 42880K, reserved 1085440K
  class space    used 5559K, capacity 5909K, committed 6016K, reserved 1048576K
}
Event: 24,903 GC heap before
{Heap before GC invocations=16 (full 3):
 PSYoungGen      total 248320K, used 31200K [0x00000000d7180000, 0x00000000eb900000, 0x0000000100000000)
  eden space 217088K, 0% used [0x00000000d7180000,0x00000000d7180000,0x00000000e4580000)
  from space 31232K, 99% used [0x00000000e4580000,0x00000000e63f8368,0x00000000e6400000)
  to   space 40448K, 0% used [0x00000000e9180000,0x00000000e9180000,0x00000000eb900000)
 ParOldGen       total 92160K, used 77020K [0x0000000085400000, 0x000000008ae00000, 0x00000000d7180000)
  object space 92160K, 83% used [0x0000000085400000,0x0000000089f37380,0x000000008ae00000)
 Metaspace       used 40812K, capacity 42412K, committed 42880K, reserved 1085440K
  class space    used 5559K, capacity 5909K, committed 6016K, reserved 1048576K
Event: 25,201 GC heap after
Heap after GC invocations=16 (full 3):
 PSYoungGen      total 248320K, used 0K [0x00000000d7180000, 0x00000000eb900000, 0x0000000100000000)
  eden space 217088K, 0% used [0x00000000d7180000,0x00000000d7180000,0x00000000e4580000)
  from space 31232K, 0% used [0x00000000e4580000,0x00000000e4580000,0x00000000e6400000)
  to   space 40448K, 0% used [0x00000000e9180000,0x00000000e9180000,0x00000000eb900000)
 ParOldGen       total 203264K, used 90305K [0x0000000085400000, 0x0000000091a80000, 0x00000000d7180000)
  object space 203264K, 44% used [0x0000000085400000,0x000000008ac306d0,0x0000000091a80000)
 Metaspace       used 40812K, capacity 42412K, committed 42880K, reserved 1085440K
  class space    used 5559K, capacity 5909K, committed 6016K, reserved 1048576K
}
Event: 28,945 GC heap before
{Heap before GC invocations=17 (full 3):
 PSYoungGen      total 248320K, used 217088K [0x00000000d7180000, 0x00000000eb900000, 0x0000000100000000)
  eden space 217088K, 100% used [0x00000000d7180000,0x00000000e4580000,0x00000000e4580000)
  from space 31232K, 0% used [0x00000000e4580000,0x00000000e4580000,0x00000000e6400000)
  to   space 40448K, 0% used [0x00000000e9180000,0x00000000e9180000,0x00000000eb900000)
 ParOldGen       total 203264K, used 90305K [0x0000000085400000, 0x0000000091a80000, 0x00000000d7180000)
  object space 203264K, 44% used [0x0000000085400000,0x000000008ac306d0,0x0000000091a80000)
 Metaspace       used 40812K, capacity 42412K, committed 42880K, reserved 1085440K
  class space    used 5559K, capacity 5909K, committed 6016K, reserved 1048576K
Event: 28,964 GC heap after
Heap after GC invocations=17 (full 3):
 PSYoungGen      total 291840K, used 16401K [0x00000000d7180000, 0x00000000eb580000, 0x0000000100000000)
  eden space 254976K, 0% used [0x00000000d7180000,0x00000000d7180000,0x00000000e6a80000)
  from space 36864K, 44% used [0x00000000e9180000,0x00000000ea184518,0x00000000eb580000)
  to   space 38400K, 0% used [0x00000000e6a80000,0x00000000e6a80000,0x00000000e9000000)
 ParOldGen       total 203264K, used 90305K [0x0000000085400000, 0x0000000091a80000, 0x00000000d7180000)
  object space 203264K, 44% used [0x0000000085400000,0x000000008ac306d0,0x0000000091a80000)
 Metaspace       used 40812K, capacity 42412K, committed 42880K, reserved 1085440K
  class space    used 5559K, capacity 5909K, committed 6016K, reserved 1048576K
}
Event: 29,990 GC heap before
{Heap before GC invocations=18 (full 3):
 PSYoungGen      total 291840K, used 271377K [0x00000000d7180000, 0x00000000eb580000, 0x0000000100000000)
  eden space 254976K, 100% used [0x00000000d7180000,0x00000000e6a80000,0x00000000e6a80000)
  from space 36864K, 44% used [0x00000000e9180000,0x00000000ea184518,0x00000000eb580000)
  to   space 38400K, 0% used [0x00000000e6a80000,0x00000000e6a80000,0x00000000e9000000)
 ParOldGen       total 203264K, used 90305K [0x0000000085400000, 0x0000000091a80000, 0x00000000d7180000)
  object space 203264K, 44% used [0x0000000085400000,0x000000008ac306d0,0x0000000091a80000)
 Metaspace       used 46453K, capacity 48582K, committed 48768K, reserved 1091584K
  class space    used 6290K, capacity 6702K, committed 6784K, reserved 1048576K

